<?xml version="1.0" encoding="UTF-8"?>
<testng-results total="1" passed="1" failed="0" skipped="0">
  <reporter-output>
  </reporter-output>
  <suite started-at="2024-06-26T06:34:43Z" name="Default Suite" finished-at="2024-06-26T06:34:43Z" duration-ms="26">
    <groups>
    </groups>
    <test started-at="2024-06-26T06:34:43Z" name="NiluTestProject" finished-at="2024-06-26T06:34:43Z" duration-ms="26">
      <class name="Login.LoginTest">
        <test-method signature="setUp()[pri:0, instance:Login.LoginTest@8317c52]" started-at="2024-06-26T18:34:43Z" name="setUp" finished-at="2024-06-26T18:34:43Z" duration-ms="13" status="PASS">
          <reporter-output>
          </reporter-output>
        </test-method> <!-- setUp -->
      </class> <!-- Login.LoginTest -->
    </test> <!-- NiluTestProject -->
  </suite> <!-- Default Suite -->
</testng-results>
